Arguments: 
  /usr/local/bin/node /usr/local/bin/yarn init

PATH: 
  /Users/matthewlarue/google-cloud-sdk/bin:/Users/matthewlarue/bin/usr/local/bin:/usr/local/bin:/usr/bin:/bin:/usr/sbin:/sbin:/Users/matthewlarue/google-cloud-sdk/bin:/Users/matthewlarue/bin/usr/local/bin

Yarn version: 
  1.22.10

Node version: 
  14.17.0

Platform: 
  darwin x64

Trace: 
  Error: canceled
      at Interface.<anonymous> (/usr/local/lib/node_modules/yarn/lib/cli.js:136216:13)
      at Interface.emit (events.js:376:20)
      at Interface._ttyWrite (readline.js:880:16)
      at ReadStream.onkeypress (readline.js:213:10)
      at ReadStream.emit (events.js:376:20)
      at emitKeys (internal/readline/utils.js:345:14)
      at emitKeys.next (<anonymous>)
      at ReadStream.onData (readline.js:1149:36)
      at ReadStream.emit (events.js:376:20)
      at addChunk (internal/streams/readable.js:309:12)

npm manifest: 
  {
    "name": "manufacturer-catalog-scraper",
    "version": "1.0.0",
    "description": "Scrape Camera Manufacturers for Product Data",
    "main": "index.js",
    "scripts": {
      "test": "echo \"Error: no test specified\" && exit 1"
    },
    "author": "",
    "license": "ISC",
    "dependencies": {
      "@google-cloud/storage": "^5.8.5",
      "axios": "^0.21.1",
      "bluebird": "^3.7.2",
      "chalk": "^4.1.1",
      "cheerio": "^1.0.0-rc.10",
      "dotenv": "^10.0.0",
      "fs": "^0.0.1-security",
      "jsdom": "^16.6.0",
      "promise-request-retry": "^1.0.2",
      "puppeteer": "^10.1.0",
      "puppeteer-autoscroll-down": "^0.1.7",
      "querystring": "^0.2.1",
      "sharp": "^0.28.3"
    }
  }

yarn manifest: 
  No manifest

Lockfile: 
  No lockfile
